{"C:\\Users\\unicorn\\UNICORNS ARE HERE\\IT\\Freelance\\aequitas-inventory\\src\\pages_v2\\DashboardPage\\DashboardPage.tsx": {"path":"C:\\Users\\unicorn\\UNICORNS ARE HERE\\IT\\Freelance\\aequitas-inventory\\src\\pages_v2\\DashboardPage\\DashboardPage.tsx","all":false,"statementMap":{"0":{"start":{"line":1,"column":0},"end":{"line":1,"column":44}},"1":{"start":{"line":2,"column":0},"end":{"line":2,"column":40}},"2":{"start":{"line":3,"column":0},"end":{"line":3,"column":49}},"3":{"start":{"line":4,"column":0},"end":{"line":4,"column":8}},"4":{"start":{"line":5,"column":0},"end":{"line":5,"column":24}},"5":{"start":{"line":6,"column":0},"end":{"line":6,"column":32}},"6":{"start":{"line":7,"column":0},"end":{"line":7,"column":29}},"7":{"start":{"line":8,"column":0},"end":{"line":8,"column":48}},"8":{"start":{"line":9,"column":0},"end":{"line":9,"column":0}},"9":{"start":{"line":10,"column":0},"end":{"line":10,"column":43}},"10":{"start":{"line":11,"column":0},"end":{"line":11,"column":25}},"11":{"start":{"line":12,"column":0},"end":{"line":12,"column":28}},"12":{"start":{"line":13,"column":0},"end":{"line":13,"column":44}},"13":{"start":{"line":14,"column":0},"end":{"line":14,"column":32}},"14":{"start":{"line":15,"column":0},"end":{"line":15,"column":1}},"15":{"start":{"line":16,"column":0},"end":{"line":16,"column":0}},"16":{"start":{"line":17,"column":0},"end":{"line":17,"column":47}},"17":{"start":{"line":18,"column":0},"end":{"line":18,"column":25}},"18":{"start":{"line":19,"column":0},"end":{"line":19,"column":28}},"19":{"start":{"line":20,"column":0},"end":{"line":20,"column":44}},"20":{"start":{"line":21,"column":0},"end":{"line":21,"column":64}},"21":{"start":{"line":22,"column":0},"end":{"line":22,"column":20}},"22":{"start":{"line":23,"column":0},"end":{"line":23,"column":22}},"23":{"start":{"line":24,"column":0},"end":{"line":24,"column":7}},"24":{"start":{"line":25,"column":0},"end":{"line":25,"column":1}},"25":{"start":{"line":26,"column":0},"end":{"line":26,"column":0}},"26":{"start":{"line":27,"column":0},"end":{"line":27,"column":42}},"27":{"start":{"line":28,"column":0},"end":{"line":28,"column":58}},"28":{"start":{"line":29,"column":0},"end":{"line":29,"column":1}},"29":{"start":{"line":30,"column":0},"end":{"line":30,"column":0}},"30":{"start":{"line":31,"column":0},"end":{"line":31,"column":41}},"31":{"start":{"line":32,"column":0},"end":{"line":32,"column":29}},"32":{"start":{"line":33,"column":0},"end":{"line":33,"column":49}},"33":{"start":{"line":34,"column":0},"end":{"line":34,"column":49}},"34":{"start":{"line":35,"column":0},"end":{"line":35,"column":42}},"35":{"start":{"line":36,"column":0},"end":{"line":36,"column":0}},"36":{"start":{"line":37,"column":0},"end":{"line":37,"column":48}},"37":{"start":{"line":38,"column":0},"end":{"line":38,"column":58}},"38":{"start":{"line":39,"column":0},"end":{"line":39,"column":74}},"39":{"start":{"line":40,"column":0},"end":{"line":40,"column":0}},"40":{"start":{"line":41,"column":0},"end":{"line":41,"column":25}},"41":{"start":{"line":42,"column":0},"end":{"line":42,"column":9}},"42":{"start":{"line":43,"column":0},"end":{"line":43,"column":23}},"43":{"start":{"line":44,"column":0},"end":{"line":44,"column":21}},"44":{"start":{"line":45,"column":0},"end":{"line":45,"column":51}},"45":{"start":{"line":46,"column":0},"end":{"line":46,"column":22}},"46":{"start":{"line":47,"column":0},"end":{"line":47,"column":28}},"47":{"start":{"line":48,"column":0},"end":{"line":48,"column":31}},"48":{"start":{"line":49,"column":0},"end":{"line":49,"column":61}},"49":{"start":{"line":50,"column":0},"end":{"line":50,"column":15}},"50":{"start":{"line":51,"column":0},"end":{"line":51,"column":24}},"51":{"start":{"line":52,"column":0},"end":{"line":52,"column":5}},"52":{"start":{"line":53,"column":0},"end":{"line":53,"column":3}},"53":{"start":{"line":54,"column":0},"end":{"line":54,"column":0}},"54":{"start":{"line":55,"column":0},"end":{"line":55,"column":19}},"55":{"start":{"line":56,"column":0},"end":{"line":56,"column":11}},"56":{"start":{"line":57,"column":0},"end":{"line":57,"column":9}},"57":{"start":{"line":58,"column":0},"end":{"line":58,"column":0}},"58":{"start":{"line":59,"column":0},"end":{"line":59,"column":32}},"59":{"start":{"line":60,"column":0},"end":{"line":60,"column":0}},"60":{"start":{"line":61,"column":0},"end":{"line":61,"column":10}},"61":{"start":{"line":62,"column":0},"end":{"line":62,"column":49}},"62":{"start":{"line":63,"column":0},"end":{"line":63,"column":37}},"63":{"start":{"line":64,"column":0},"end":{"line":64,"column":51}},"64":{"start":{"line":65,"column":0},"end":{"line":65,"column":39}},"65":{"start":{"line":66,"column":0},"end":{"line":66,"column":72}},"66":{"start":{"line":67,"column":0},"end":{"line":67,"column":12}},"67":{"start":{"line":68,"column":0},"end":{"line":68,"column":12}},"68":{"start":{"line":69,"column":0},"end":{"line":69,"column":66}},"69":{"start":{"line":70,"column":0},"end":{"line":70,"column":0}},"70":{"start":{"line":71,"column":0},"end":{"line":71,"column":19}},"71":{"start":{"line":72,"column":0},"end":{"line":72,"column":43}},"72":{"start":{"line":73,"column":0},"end":{"line":73,"column":37}},"73":{"start":{"line":74,"column":0},"end":{"line":74,"column":41}},"74":{"start":{"line":75,"column":0},"end":{"line":75,"column":14}},"75":{"start":{"line":76,"column":0},"end":{"line":76,"column":8}},"76":{"start":{"line":77,"column":0},"end":{"line":77,"column":0}},"77":{"start":{"line":78,"column":0},"end":{"line":78,"column":31}},"78":{"start":{"line":79,"column":0},"end":{"line":79,"column":10}},"79":{"start":{"line":80,"column":0},"end":{"line":80,"column":49}},"80":{"start":{"line":81,"column":0},"end":{"line":81,"column":45}},"81":{"start":{"line":82,"column":0},"end":{"line":82,"column":0}},"82":{"start":{"line":83,"column":0},"end":{"line":83,"column":53}},"83":{"start":{"line":84,"column":0},"end":{"line":84,"column":46}},"84":{"start":{"line":85,"column":0},"end":{"line":85,"column":55}},"85":{"start":{"line":86,"column":0},"end":{"line":86,"column":44}},"86":{"start":{"line":87,"column":0},"end":{"line":87,"column":53}},"87":{"start":{"line":88,"column":0},"end":{"line":88,"column":22}},"88":{"start":{"line":89,"column":0},"end":{"line":89,"column":20}},"89":{"start":{"line":90,"column":0},"end":{"line":90,"column":0}},"90":{"start":{"line":91,"column":0},"end":{"line":91,"column":46}},"91":{"start":{"line":92,"column":0},"end":{"line":92,"column":59}},"92":{"start":{"line":93,"column":0},"end":{"line":93,"column":44}},"93":{"start":{"line":94,"column":0},"end":{"line":94,"column":57}},"94":{"start":{"line":95,"column":0},"end":{"line":95,"column":22}},"95":{"start":{"line":96,"column":0},"end":{"line":96,"column":20}},"96":{"start":{"line":97,"column":0},"end":{"line":97,"column":0}},"97":{"start":{"line":98,"column":0},"end":{"line":98,"column":46}},"98":{"start":{"line":99,"column":0},"end":{"line":99,"column":58}},"99":{"start":{"line":100,"column":0},"end":{"line":100,"column":44}},"100":{"start":{"line":101,"column":0},"end":{"line":101,"column":56}},"101":{"start":{"line":102,"column":0},"end":{"line":102,"column":22}},"102":{"start":{"line":103,"column":0},"end":{"line":103,"column":20}},"103":{"start":{"line":104,"column":0},"end":{"line":104,"column":0}},"104":{"start":{"line":105,"column":0},"end":{"line":105,"column":46}},"105":{"start":{"line":106,"column":0},"end":{"line":106,"column":59}},"106":{"start":{"line":107,"column":0},"end":{"line":107,"column":44}},"107":{"start":{"line":108,"column":0},"end":{"line":108,"column":57}},"108":{"start":{"line":109,"column":0},"end":{"line":109,"column":22}},"109":{"start":{"line":110,"column":0},"end":{"line":110,"column":20}},"110":{"start":{"line":111,"column":0},"end":{"line":111,"column":0}},"111":{"start":{"line":112,"column":0},"end":{"line":112,"column":46}},"112":{"start":{"line":113,"column":0},"end":{"line":113,"column":59}},"113":{"start":{"line":114,"column":0},"end":{"line":114,"column":44}},"114":{"start":{"line":115,"column":0},"end":{"line":115,"column":57}},"115":{"start":{"line":116,"column":0},"end":{"line":116,"column":22}},"116":{"start":{"line":117,"column":0},"end":{"line":117,"column":20}},"117":{"start":{"line":118,"column":0},"end":{"line":118,"column":0}},"118":{"start":{"line":119,"column":0},"end":{"line":119,"column":46}},"119":{"start":{"line":120,"column":0},"end":{"line":120,"column":58}},"120":{"start":{"line":121,"column":0},"end":{"line":121,"column":44}},"121":{"start":{"line":122,"column":0},"end":{"line":122,"column":56}},"122":{"start":{"line":123,"column":0},"end":{"line":123,"column":22}},"123":{"start":{"line":124,"column":0},"end":{"line":124,"column":20}},"124":{"start":{"line":125,"column":0},"end":{"line":125,"column":18}},"125":{"start":{"line":126,"column":0},"end":{"line":126,"column":20}},"126":{"start":{"line":127,"column":0},"end":{"line":127,"column":0}},"127":{"start":{"line":128,"column":0},"end":{"line":128,"column":41}},"128":{"start":{"line":129,"column":0},"end":{"line":129,"column":51}},"129":{"start":{"line":130,"column":0},"end":{"line":130,"column":56}},"130":{"start":{"line":131,"column":0},"end":{"line":131,"column":44}},"131":{"start":{"line":132,"column":0},"end":{"line":132,"column":53}},"132":{"start":{"line":133,"column":0},"end":{"line":133,"column":20}},"133":{"start":{"line":134,"column":0},"end":{"line":134,"column":0}},"134":{"start":{"line":135,"column":0},"end":{"line":135,"column":46}},"135":{"start":{"line":136,"column":0},"end":{"line":136,"column":61}},"136":{"start":{"line":137,"column":0},"end":{"line":137,"column":77}},"137":{"start":{"line":138,"column":0},"end":{"line":138,"column":21}},"138":{"start":{"line":139,"column":0},"end":{"line":139,"column":52}},"139":{"start":{"line":140,"column":0},"end":{"line":140,"column":55}},"140":{"start":{"line":141,"column":0},"end":{"line":141,"column":29}},"141":{"start":{"line":142,"column":0},"end":{"line":142,"column":28}},"142":{"start":{"line":143,"column":0},"end":{"line":143,"column":43}},"143":{"start":{"line":144,"column":0},"end":{"line":144,"column":41}},"144":{"start":{"line":145,"column":0},"end":{"line":145,"column":44}},"145":{"start":{"line":146,"column":0},"end":{"line":146,"column":40}},"146":{"start":{"line":147,"column":0},"end":{"line":147,"column":42}},"147":{"start":{"line":148,"column":0},"end":{"line":148,"column":29}},"148":{"start":{"line":149,"column":0},"end":{"line":149,"column":30}},"149":{"start":{"line":150,"column":0},"end":{"line":150,"column":29}},"150":{"start":{"line":151,"column":0},"end":{"line":151,"column":72}},"151":{"start":{"line":152,"column":0},"end":{"line":152,"column":48}},"152":{"start":{"line":153,"column":0},"end":{"line":153,"column":32}},"153":{"start":{"line":154,"column":0},"end":{"line":154,"column":69}},"154":{"start":{"line":155,"column":0},"end":{"line":155,"column":58}},"155":{"start":{"line":156,"column":0},"end":{"line":156,"column":37}},"156":{"start":{"line":157,"column":0},"end":{"line":157,"column":33}},"157":{"start":{"line":158,"column":0},"end":{"line":158,"column":32}},"158":{"start":{"line":159,"column":0},"end":{"line":159,"column":35}},"159":{"start":{"line":160,"column":0},"end":{"line":160,"column":104}},"160":{"start":{"line":161,"column":0},"end":{"line":161,"column":31}},"161":{"start":{"line":162,"column":0},"end":{"line":162,"column":49}},"162":{"start":{"line":163,"column":0},"end":{"line":163,"column":37}},"163":{"start":{"line":164,"column":0},"end":{"line":164,"column":33}},"164":{"start":{"line":165,"column":0},"end":{"line":165,"column":69}},"165":{"start":{"line":166,"column":0},"end":{"line":166,"column":58}},"166":{"start":{"line":167,"column":0},"end":{"line":167,"column":70}},"167":{"start":{"line":168,"column":0},"end":{"line":168,"column":31}},"168":{"start":{"line":169,"column":0},"end":{"line":169,"column":27}},"169":{"start":{"line":170,"column":0},"end":{"line":170,"column":30}},"170":{"start":{"line":171,"column":0},"end":{"line":171,"column":28}},"171":{"start":{"line":172,"column":0},"end":{"line":172,"column":24}},"172":{"start":{"line":173,"column":0},"end":{"line":173,"column":18}},"173":{"start":{"line":174,"column":0},"end":{"line":174,"column":20}},"174":{"start":{"line":175,"column":0},"end":{"line":175,"column":22}},"175":{"start":{"line":176,"column":0},"end":{"line":176,"column":0}},"176":{"start":{"line":177,"column":0},"end":{"line":177,"column":51}},"177":{"start":{"line":178,"column":0},"end":{"line":178,"column":56}},"178":{"start":{"line":179,"column":0},"end":{"line":179,"column":68}},"179":{"start":{"line":180,"column":0},"end":{"line":180,"column":62}},"180":{"start":{"line":181,"column":0},"end":{"line":181,"column":26}},"181":{"start":{"line":182,"column":0},"end":{"line":182,"column":23}},"182":{"start":{"line":183,"column":0},"end":{"line":183,"column":20}},"183":{"start":{"line":184,"column":0},"end":{"line":184,"column":0}},"184":{"start":{"line":185,"column":0},"end":{"line":185,"column":46}},"185":{"start":{"line":186,"column":0},"end":{"line":186,"column":68}},"186":{"start":{"line":187,"column":0},"end":{"line":187,"column":51}},"187":{"start":{"line":188,"column":0},"end":{"line":188,"column":52}},"188":{"start":{"line":189,"column":0},"end":{"line":189,"column":24}},"189":{"start":{"line":190,"column":0},"end":{"line":190,"column":21}},"190":{"start":{"line":191,"column":0},"end":{"line":191,"column":52}},"191":{"start":{"line":192,"column":0},"end":{"line":192,"column":55}},"192":{"start":{"line":193,"column":0},"end":{"line":193,"column":29}},"193":{"start":{"line":194,"column":0},"end":{"line":194,"column":28}},"194":{"start":{"line":195,"column":0},"end":{"line":195,"column":43}},"195":{"start":{"line":196,"column":0},"end":{"line":196,"column":44}},"196":{"start":{"line":197,"column":0},"end":{"line":197,"column":44}},"197":{"start":{"line":198,"column":0},"end":{"line":198,"column":29}},"198":{"start":{"line":199,"column":0},"end":{"line":199,"column":30}},"199":{"start":{"line":200,"column":0},"end":{"line":200,"column":29}},"200":{"start":{"line":201,"column":0},"end":{"line":201,"column":79}},"201":{"start":{"line":202,"column":0},"end":{"line":202,"column":48}},"202":{"start":{"line":203,"column":0},"end":{"line":203,"column":32}},"203":{"start":{"line":204,"column":0},"end":{"line":204,"column":69}},"204":{"start":{"line":205,"column":0},"end":{"line":205,"column":58}},"205":{"start":{"line":206,"column":0},"end":{"line":206,"column":37}},"206":{"start":{"line":207,"column":0},"end":{"line":207,"column":33}},"207":{"start":{"line":208,"column":0},"end":{"line":208,"column":69}},"208":{"start":{"line":209,"column":0},"end":{"line":209,"column":72}},"209":{"start":{"line":210,"column":0},"end":{"line":210,"column":31}},"210":{"start":{"line":211,"column":0},"end":{"line":211,"column":27}},"211":{"start":{"line":212,"column":0},"end":{"line":212,"column":30}},"212":{"start":{"line":213,"column":0},"end":{"line":213,"column":28}},"213":{"start":{"line":214,"column":0},"end":{"line":214,"column":24}},"214":{"start":{"line":215,"column":0},"end":{"line":215,"column":18}},"215":{"start":{"line":216,"column":0},"end":{"line":216,"column":20}},"216":{"start":{"line":217,"column":0},"end":{"line":217,"column":22}},"217":{"start":{"line":218,"column":0},"end":{"line":218,"column":16}},"218":{"start":{"line":219,"column":0},"end":{"line":219,"column":0}},"219":{"start":{"line":220,"column":0},"end":{"line":220,"column":49}},"220":{"start":{"line":221,"column":0},"end":{"line":221,"column":54}},"221":{"start":{"line":222,"column":0},"end":{"line":222,"column":79}},"222":{"start":{"line":223,"column":0},"end":{"line":223,"column":60}},"223":{"start":{"line":224,"column":0},"end":{"line":224,"column":30}},"224":{"start":{"line":225,"column":0},"end":{"line":225,"column":21}},"225":{"start":{"line":226,"column":0},"end":{"line":226,"column":18}},"226":{"start":{"line":227,"column":0},"end":{"line":227,"column":0}},"227":{"start":{"line":228,"column":0},"end":{"line":228,"column":44}},"228":{"start":{"line":229,"column":0},"end":{"line":229,"column":61}},"229":{"start":{"line":230,"column":0},"end":{"line":230,"column":74}},"230":{"start":{"line":231,"column":0},"end":{"line":231,"column":19}},"231":{"start":{"line":232,"column":0},"end":{"line":232,"column":50}},"232":{"start":{"line":233,"column":0},"end":{"line":233,"column":53}},"233":{"start":{"line":234,"column":0},"end":{"line":234,"column":27}},"234":{"start":{"line":235,"column":0},"end":{"line":235,"column":26}},"235":{"start":{"line":236,"column":0},"end":{"line":236,"column":41}},"236":{"start":{"line":237,"column":0},"end":{"line":237,"column":38}},"237":{"start":{"line":238,"column":0},"end":{"line":238,"column":46}},"238":{"start":{"line":239,"column":0},"end":{"line":239,"column":27}},"239":{"start":{"line":240,"column":0},"end":{"line":240,"column":28}},"240":{"start":{"line":241,"column":0},"end":{"line":241,"column":27}},"241":{"start":{"line":242,"column":0},"end":{"line":242,"column":67}},"242":{"start":{"line":243,"column":0},"end":{"line":243,"column":71}},"243":{"start":{"line":244,"column":0},"end":{"line":244,"column":54}},"244":{"start":{"line":245,"column":0},"end":{"line":245,"column":51}},"245":{"start":{"line":246,"column":0},"end":{"line":246,"column":65}},"246":{"start":{"line":247,"column":0},"end":{"line":247,"column":29}},"247":{"start":{"line":248,"column":0},"end":{"line":248,"column":25}},"248":{"start":{"line":249,"column":0},"end":{"line":249,"column":28}},"249":{"start":{"line":250,"column":0},"end":{"line":250,"column":26}},"250":{"start":{"line":251,"column":0},"end":{"line":251,"column":22}},"251":{"start":{"line":252,"column":0},"end":{"line":252,"column":16}},"252":{"start":{"line":253,"column":0},"end":{"line":253,"column":18}},"253":{"start":{"line":254,"column":0},"end":{"line":254,"column":20}},"254":{"start":{"line":255,"column":0},"end":{"line":255,"column":0}},"255":{"start":{"line":256,"column":0},"end":{"line":256,"column":28}},"256":{"start":{"line":257,"column":0},"end":{"line":257,"column":14}},"257":{"start":{"line":258,"column":0},"end":{"line":258,"column":45}},"258":{"start":{"line":259,"column":0},"end":{"line":259,"column":55}},"259":{"start":{"line":260,"column":0},"end":{"line":260,"column":60}},"260":{"start":{"line":261,"column":0},"end":{"line":261,"column":68}},"261":{"start":{"line":262,"column":0},"end":{"line":262,"column":24}},"262":{"start":{"line":263,"column":0},"end":{"line":263,"column":0}},"263":{"start":{"line":264,"column":0},"end":{"line":264,"column":50}},"264":{"start":{"line":265,"column":0},"end":{"line":265,"column":47}},"265":{"start":{"line":266,"column":0},"end":{"line":266,"column":59}},"266":{"start":{"line":267,"column":0},"end":{"line":267,"column":79}},"267":{"start":{"line":268,"column":0},"end":{"line":268,"column":25}},"268":{"start":{"line":269,"column":0},"end":{"line":269,"column":56}},"269":{"start":{"line":270,"column":0},"end":{"line":270,"column":59}},"270":{"start":{"line":271,"column":0},"end":{"line":271,"column":33}},"271":{"start":{"line":272,"column":0},"end":{"line":272,"column":32}},"272":{"start":{"line":273,"column":0},"end":{"line":273,"column":43}},"273":{"start":{"line":274,"column":0},"end":{"line":274,"column":47}},"274":{"start":{"line":275,"column":0},"end":{"line":275,"column":48}},"275":{"start":{"line":276,"column":0},"end":{"line":276,"column":33}},"276":{"start":{"line":277,"column":0},"end":{"line":277,"column":34}},"277":{"start":{"line":278,"column":0},"end":{"line":278,"column":33}},"278":{"start":{"line":279,"column":0},"end":{"line":279,"column":66}},"279":{"start":{"line":280,"column":0},"end":{"line":280,"column":61}},"280":{"start":{"line":281,"column":0},"end":{"line":281,"column":36}},"281":{"start":{"line":282,"column":0},"end":{"line":282,"column":39}},"282":{"start":{"line":283,"column":0},"end":{"line":283,"column":82}},"283":{"start":{"line":284,"column":0},"end":{"line":284,"column":35}},"284":{"start":{"line":285,"column":0},"end":{"line":285,"column":51}},"285":{"start":{"line":286,"column":0},"end":{"line":286,"column":41}},"286":{"start":{"line":287,"column":0},"end":{"line":287,"column":37}},"287":{"start":{"line":288,"column":0},"end":{"line":288,"column":60}},"288":{"start":{"line":289,"column":0},"end":{"line":289,"column":65}},"289":{"start":{"line":290,"column":0},"end":{"line":290,"column":35}},"290":{"start":{"line":291,"column":0},"end":{"line":291,"column":31}},"291":{"start":{"line":292,"column":0},"end":{"line":292,"column":34}},"292":{"start":{"line":293,"column":0},"end":{"line":293,"column":32}},"293":{"start":{"line":294,"column":0},"end":{"line":294,"column":28}},"294":{"start":{"line":295,"column":0},"end":{"line":295,"column":22}},"295":{"start":{"line":296,"column":0},"end":{"line":296,"column":24}},"296":{"start":{"line":297,"column":0},"end":{"line":297,"column":26}},"297":{"start":{"line":298,"column":0},"end":{"line":298,"column":0}},"298":{"start":{"line":299,"column":0},"end":{"line":299,"column":55}},"299":{"start":{"line":300,"column":0},"end":{"line":300,"column":60}},"300":{"start":{"line":301,"column":0},"end":{"line":301,"column":67}},"301":{"start":{"line":302,"column":0},"end":{"line":302,"column":24}},"302":{"start":{"line":303,"column":0},"end":{"line":303,"column":0}},"303":{"start":{"line":304,"column":0},"end":{"line":304,"column":50}},"304":{"start":{"line":305,"column":0},"end":{"line":305,"column":51}},"305":{"start":{"line":306,"column":0},"end":{"line":306,"column":63}},"306":{"start":{"line":307,"column":0},"end":{"line":307,"column":55}},"307":{"start":{"line":308,"column":0},"end":{"line":308,"column":47}},"308":{"start":{"line":309,"column":0},"end":{"line":309,"column":28}},"309":{"start":{"line":310,"column":0},"end":{"line":310,"column":25}},"310":{"start":{"line":311,"column":0},"end":{"line":311,"column":56}},"311":{"start":{"line":312,"column":0},"end":{"line":312,"column":59}},"312":{"start":{"line":313,"column":0},"end":{"line":313,"column":33}},"313":{"start":{"line":314,"column":0},"end":{"line":314,"column":32}},"314":{"start":{"line":315,"column":0},"end":{"line":315,"column":43}},"315":{"start":{"line":316,"column":0},"end":{"line":316,"column":49}},"316":{"start":{"line":317,"column":0},"end":{"line":317,"column":48}},"317":{"start":{"line":318,"column":0},"end":{"line":318,"column":33}},"318":{"start":{"line":319,"column":0},"end":{"line":319,"column":34}},"319":{"start":{"line":320,"column":0},"end":{"line":320,"column":33}},"320":{"start":{"line":321,"column":0},"end":{"line":321,"column":70}},"321":{"start":{"line":322,"column":0},"end":{"line":322,"column":61}},"322":{"start":{"line":323,"column":0},"end":{"line":323,"column":36}},"323":{"start":{"line":324,"column":0},"end":{"line":324,"column":39}},"324":{"start":{"line":325,"column":0},"end":{"line":325,"column":82}},"325":{"start":{"line":326,"column":0},"end":{"line":326,"column":35}},"326":{"start":{"line":327,"column":0},"end":{"line":327,"column":51}},"327":{"start":{"line":328,"column":0},"end":{"line":328,"column":41}},"328":{"start":{"line":329,"column":0},"end":{"line":329,"column":37}},"329":{"start":{"line":330,"column":0},"end":{"line":330,"column":74}},"330":{"start":{"line":331,"column":0},"end":{"line":331,"column":65}},"331":{"start":{"line":332,"column":0},"end":{"line":332,"column":35}},"332":{"start":{"line":333,"column":0},"end":{"line":333,"column":31}},"333":{"start":{"line":334,"column":0},"end":{"line":334,"column":34}},"334":{"start":{"line":335,"column":0},"end":{"line":335,"column":32}},"335":{"start":{"line":336,"column":0},"end":{"line":336,"column":28}},"336":{"start":{"line":337,"column":0},"end":{"line":337,"column":22}},"337":{"start":{"line":338,"column":0},"end":{"line":338,"column":24}},"338":{"start":{"line":339,"column":0},"end":{"line":339,"column":26}},"339":{"start":{"line":340,"column":0},"end":{"line":340,"column":20}},"340":{"start":{"line":341,"column":0},"end":{"line":341,"column":0}},"341":{"start":{"line":342,"column":0},"end":{"line":342,"column":45}},"342":{"start":{"line":343,"column":0},"end":{"line":343,"column":55}},"343":{"start":{"line":344,"column":0},"end":{"line":344,"column":60}},"344":{"start":{"line":345,"column":0},"end":{"line":345,"column":69}},"345":{"start":{"line":346,"column":0},"end":{"line":346,"column":24}},"346":{"start":{"line":347,"column":0},"end":{"line":347,"column":0}},"347":{"start":{"line":348,"column":0},"end":{"line":348,"column":50}},"348":{"start":{"line":349,"column":0},"end":{"line":349,"column":48}},"349":{"start":{"line":350,"column":0},"end":{"line":350,"column":60}},"350":{"start":{"line":351,"column":0},"end":{"line":351,"column":80}},"351":{"start":{"line":352,"column":0},"end":{"line":352,"column":25}},"352":{"start":{"line":353,"column":0},"end":{"line":353,"column":56}},"353":{"start":{"line":354,"column":0},"end":{"line":354,"column":59}},"354":{"start":{"line":355,"column":0},"end":{"line":355,"column":33}},"355":{"start":{"line":356,"column":0},"end":{"line":356,"column":32}},"356":{"start":{"line":357,"column":0},"end":{"line":357,"column":43}},"357":{"start":{"line":358,"column":0},"end":{"line":358,"column":43}},"358":{"start":{"line":359,"column":0},"end":{"line":359,"column":42}},"359":{"start":{"line":360,"column":0},"end":{"line":360,"column":47}},"360":{"start":{"line":361,"column":0},"end":{"line":361,"column":33}},"361":{"start":{"line":362,"column":0},"end":{"line":362,"column":34}},"362":{"start":{"line":363,"column":0},"end":{"line":363,"column":33}},"363":{"start":{"line":364,"column":0},"end":{"line":364,"column":67}},"364":{"start":{"line":365,"column":0},"end":{"line":365,"column":61}},"365":{"start":{"line":366,"column":0},"end":{"line":366,"column":74}},"366":{"start":{"line":367,"column":0},"end":{"line":367,"column":56}},"367":{"start":{"line":368,"column":0},"end":{"line":368,"column":55}},"368":{"start":{"line":369,"column":0},"end":{"line":369,"column":60}},"369":{"start":{"line":370,"column":0},"end":{"line":370,"column":35}},"370":{"start":{"line":371,"column":0},"end":{"line":371,"column":31}},"371":{"start":{"line":372,"column":0},"end":{"line":372,"column":34}},"372":{"start":{"line":373,"column":0},"end":{"line":373,"column":32}},"373":{"start":{"line":374,"column":0},"end":{"line":374,"column":28}},"374":{"start":{"line":375,"column":0},"end":{"line":375,"column":22}},"375":{"start":{"line":376,"column":0},"end":{"line":376,"column":24}},"376":{"start":{"line":377,"column":0},"end":{"line":377,"column":26}},"377":{"start":{"line":378,"column":0},"end":{"line":378,"column":0}},"378":{"start":{"line":379,"column":0},"end":{"line":379,"column":55}},"379":{"start":{"line":380,"column":0},"end":{"line":380,"column":60}},"380":{"start":{"line":381,"column":0},"end":{"line":381,"column":72}},"381":{"start":{"line":382,"column":0},"end":{"line":382,"column":24}},"382":{"start":{"line":383,"column":0},"end":{"line":383,"column":0}},"383":{"start":{"line":384,"column":0},"end":{"line":384,"column":50}},"384":{"start":{"line":385,"column":0},"end":{"line":385,"column":51}},"385":{"start":{"line":386,"column":0},"end":{"line":386,"column":63}},"386":{"start":{"line":387,"column":0},"end":{"line":387,"column":55}},"387":{"start":{"line":388,"column":0},"end":{"line":388,"column":46}},"388":{"start":{"line":389,"column":0},"end":{"line":389,"column":28}},"389":{"start":{"line":390,"column":0},"end":{"line":390,"column":25}},"390":{"start":{"line":391,"column":0},"end":{"line":391,"column":56}},"391":{"start":{"line":392,"column":0},"end":{"line":392,"column":59}},"392":{"start":{"line":393,"column":0},"end":{"line":393,"column":33}},"393":{"start":{"line":394,"column":0},"end":{"line":394,"column":32}},"394":{"start":{"line":395,"column":0},"end":{"line":395,"column":43}},"395":{"start":{"line":396,"column":0},"end":{"line":396,"column":43}},"396":{"start":{"line":397,"column":0},"end":{"line":397,"column":44}},"397":{"start":{"line":398,"column":0},"end":{"line":398,"column":47}},"398":{"start":{"line":399,"column":0},"end":{"line":399,"column":33}},"399":{"start":{"line":400,"column":0},"end":{"line":400,"column":34}},"400":{"start":{"line":401,"column":0},"end":{"line":401,"column":33}},"401":{"start":{"line":402,"column":0},"end":{"line":402,"column":70}},"402":{"start":{"line":403,"column":0},"end":{"line":403,"column":61}},"403":{"start":{"line":404,"column":0},"end":{"line":404,"column":74}},"404":{"start":{"line":405,"column":0},"end":{"line":405,"column":56}},"405":{"start":{"line":406,"column":0},"end":{"line":406,"column":55}},"406":{"start":{"line":407,"column":0},"end":{"line":407,"column":60}},"407":{"start":{"line":408,"column":0},"end":{"line":408,"column":35}},"408":{"start":{"line":409,"column":0},"end":{"line":409,"column":31}},"409":{"start":{"line":410,"column":0},"end":{"line":410,"column":34}},"410":{"start":{"line":411,"column":0},"end":{"line":411,"column":32}},"411":{"start":{"line":412,"column":0},"end":{"line":412,"column":28}},"412":{"start":{"line":413,"column":0},"end":{"line":413,"column":22}},"413":{"start":{"line":414,"column":0},"end":{"line":414,"column":24}},"414":{"start":{"line":415,"column":0},"end":{"line":415,"column":26}},"415":{"start":{"line":416,"column":0},"end":{"line":416,"column":20}},"416":{"start":{"line":417,"column":0},"end":{"line":417,"column":15}},"417":{"start":{"line":418,"column":0},"end":{"line":418,"column":12}},"418":{"start":{"line":419,"column":0},"end":{"line":419,"column":11}},"419":{"start":{"line":420,"column":0},"end":{"line":420,"column":8}},"420":{"start":{"line":421,"column":0},"end":{"line":421,"column":10}},"421":{"start":{"line":422,"column":0},"end":{"line":422,"column":4}},"422":{"start":{"line":423,"column":0},"end":{"line":423,"column":1}}},"s":{"0":1,"1":1,"2":1,"3":1,"4":1,"5":1,"6":1,"7":1,"8":1,"9":18,"10":18,"11":18,"12":18,"13":18,"14":18,"15":1,"16":0,"17":0,"18":0,"19":0,"20":0,"21":0,"22":0,"23":0,"24":0,"25":1,"26":18,"27":18,"28":18,"29":1,"30":108,"31":108,"32":108,"33":108,"34":108,"35":108,"36":108,"37":108,"38":108,"39":108,"40":108,"41":36,"42":36,"43":36,"44":36,"45":27,"46":36,"47":9,"48":9,"49":36,"50":36,"51":36,"52":36,"53":108,"54":108,"55":36,"56":108,"57":108,"58":108,"59":108,"60":108,"61":108,"62":108,"63":108,"64":108,"65":108,"66":108,"67":108,"68":108,"69":108,"70":108,"71":36,"72":36,"73":36,"74":36,"75":108,"76":108,"77":108,"78":27,"79":27,"80":27,"81":27,"82":27,"83":27,"84":27,"85":27,"86":27,"87":27,"88":27,"89":27,"90":27,"91":27,"92":27,"93":27,"94":27,"95":27,"96":27,"97":27,"98":27,"99":27,"100":27,"101":27,"102":27,"103":27,"104":27,"105":27,"106":27,"107":27,"108":27,"109":27,"110":27,"111":27,"112":27,"113":27,"114":27,"115":27,"116":27,"117":27,"118":27,"119":27,"120":27,"121":27,"122":27,"123":27,"124":27,"125":27,"126":27,"127":27,"128":27,"129":27,"130":27,"131":27,"132":27,"133":27,"134":27,"135":27,"136":9,"137":27,"138":18,"139":18,"140":18,"141":18,"142":18,"143":18,"144":18,"145":18,"146":18,"147":18,"148":18,"149":18,"150":18,"151":18,"152":18,"153":18,"154":18,"155":18,"156":18,"157":18,"158":18,"159":18,"160":18,"161":18,"162":18,"163":18,"164":18,"165":18,"166":18,"167":18,"168":18,"169":18,"170":18,"171":18,"172":27,"173":27,"174":27,"175":27,"176":27,"177":27,"178":27,"179":27,"180":27,"181":27,"182":27,"183":27,"184":27,"185":27,"186":27,"187":27,"188":27,"189":27,"190":0,"191":0,"192":0,"193":0,"194":0,"195":0,"196":0,"197":0,"198":0,"199":0,"200":0,"201":0,"202":0,"203":0,"204":0,"205":0,"206":0,"207":0,"208":0,"209":0,"210":0,"211":0,"212":0,"213":0,"214":27,"215":27,"216":27,"217":27,"218":27,"219":27,"220":27,"221":27,"222":27,"223":27,"224":27,"225":27,"226":27,"227":27,"228":27,"229":27,"230":27,"231":0,"232":0,"233":0,"234":0,"235":0,"236":0,"237":0,"238":0,"239":0,"240":0,"241":0,"242":0,"243":0,"244":0,"245":0,"246":0,"247":0,"248":0,"249":0,"250":0,"251":27,"252":27,"253":27,"254":27,"255":27,"256":18,"257":18,"258":18,"259":18,"260":18,"261":18,"262":18,"263":18,"264":18,"265":18,"266":18,"267":18,"268":0,"269":0,"270":0,"271":0,"272":0,"273":0,"274":0,"275":0,"276":0,"277":0,"278":0,"279":0,"280":0,"281":0,"282":0,"283":0,"284":0,"285":0,"286":0,"287":0,"288":0,"289":0,"290":0,"291":0,"292":0,"293":0,"294":18,"295":18,"296":18,"297":18,"298":18,"299":18,"300":18,"301":18,"302":18,"303":18,"304":18,"305":18,"306":18,"307":18,"308":18,"309":18,"310":0,"311":0,"312":0,"313":0,"314":0,"315":0,"316":0,"317":0,"318":0,"319":0,"320":0,"321":0,"322":0,"323":0,"324":0,"325":0,"326":0,"327":0,"328":0,"329":0,"330":0,"331":0,"332":0,"333":0,"334":0,"335":0,"336":18,"337":18,"338":18,"339":18,"340":18,"341":18,"342":18,"343":18,"344":18,"345":18,"346":18,"347":18,"348":18,"349":18,"350":18,"351":18,"352":0,"353":0,"354":0,"355":0,"356":0,"357":0,"358":0,"359":0,"360":0,"361":0,"362":0,"363":0,"364":0,"365":0,"366":0,"367":0,"368":0,"369":0,"370":0,"371":0,"372":0,"373":0,"374":18,"375":18,"376":18,"377":18,"378":18,"379":18,"380":18,"381":18,"382":18,"383":18,"384":18,"385":18,"386":18,"387":18,"388":18,"389":18,"390":0,"391":0,"392":0,"393":0,"394":0,"395":0,"396":0,"397":0,"398":0,"399":0,"400":0,"401":0,"402":0,"403":0,"404":0,"405":0,"406":0,"407":0,"408":0,"409":0,"410":0,"411":0,"412":18,"413":18,"414":18,"415":18,"416":18,"417":27,"418":27,"419":108,"420":108,"421":108,"422":108},"branchMap":{"0":{"type":"branch","line":10,"loc":{"start":{"line":10,"column":0},"end":{"line":15,"column":1}},"locations":[{"start":{"line":10,"column":0},"end":{"line":15,"column":1}}]},"1":{"type":"branch","line":11,"loc":{"start":{"line":11,"column":14},"end":{"line":11,"column":25}},"locations":[{"start":{"line":11,"column":14},"end":{"line":11,"column":25}}]},"2":{"type":"branch","line":13,"loc":{"start":{"line":13,"column":33},"end":{"line":13,"column":44}},"locations":[{"start":{"line":13,"column":33},"end":{"line":13,"column":44}}]},"3":{"type":"branch","line":27,"loc":{"start":{"line":27,"column":0},"end":{"line":29,"column":1}},"locations":[{"start":{"line":27,"column":0},"end":{"line":29,"column":1}}]},"4":{"type":"branch","line":31,"loc":{"start":{"line":31,"column":0},"end":{"line":423,"column":1}},"locations":[{"start":{"line":31,"column":0},"end":{"line":423,"column":1}}]},"5":{"type":"branch","line":35,"loc":{"start":{"line":35,"column":30},"end":{"line":35,"column":41}},"locations":[{"start":{"line":35,"column":30},"end":{"line":35,"column":41}}]},"6":{"type":"branch","line":59,"loc":{"start":{"line":59,"column":22},"end":{"line":59,"column":31}},"locations":[{"start":{"line":59,"column":22},"end":{"line":59,"column":31}}]},"7":{"type":"branch","line":69,"loc":{"start":{"line":69,"column":12},"end":{"line":69,"column":65}},"locations":[{"start":{"line":69,"column":12},"end":{"line":69,"column":65}}]},"8":{"type":"branch","line":71,"loc":{"start":{"line":71,"column":14},"end":{"line":75,"column":14}},"locations":[{"start":{"line":71,"column":14},"end":{"line":75,"column":14}}]},"9":{"type":"branch","line":78,"loc":{"start":{"line":78,"column":15},"end":{"line":78,"column":26}},"locations":[{"start":{"line":78,"column":15},"end":{"line":78,"column":26}}]},"10":{"type":"branch","line":78,"loc":{"start":{"line":78,"column":26},"end":{"line":419,"column":11}},"locations":[{"start":{"line":78,"column":26},"end":{"line":419,"column":11}}]},"11":{"type":"branch","line":136,"loc":{"start":{"line":136,"column":58},"end":{"line":137,"column":77}},"locations":[{"start":{"line":136,"column":58},"end":{"line":137,"column":77}}]},"12":{"type":"branch","line":138,"loc":{"start":{"line":138,"column":18},"end":{"line":172,"column":24}},"locations":[{"start":{"line":138,"column":18},"end":{"line":172,"column":24}}]},"13":{"type":"branch","line":190,"loc":{"start":{"line":190,"column":18},"end":{"line":214,"column":24}},"locations":[{"start":{"line":190,"column":18},"end":{"line":214,"column":24}}]},"14":{"type":"branch","line":231,"loc":{"start":{"line":231,"column":16},"end":{"line":251,"column":22}},"locations":[{"start":{"line":231,"column":16},"end":{"line":251,"column":22}}]},"15":{"type":"branch","line":256,"loc":{"start":{"line":256,"column":23},"end":{"line":417,"column":15}},"locations":[{"start":{"line":256,"column":23},"end":{"line":417,"column":15}}]},"16":{"type":"branch","line":268,"loc":{"start":{"line":268,"column":22},"end":{"line":294,"column":28}},"locations":[{"start":{"line":268,"column":22},"end":{"line":294,"column":28}}]},"17":{"type":"branch","line":310,"loc":{"start":{"line":310,"column":22},"end":{"line":336,"column":28}},"locations":[{"start":{"line":310,"column":22},"end":{"line":336,"column":28}}]},"18":{"type":"branch","line":352,"loc":{"start":{"line":352,"column":22},"end":{"line":374,"column":28}},"locations":[{"start":{"line":352,"column":22},"end":{"line":374,"column":28}}]},"19":{"type":"branch","line":390,"loc":{"start":{"line":390,"column":22},"end":{"line":412,"column":28}},"locations":[{"start":{"line":390,"column":22},"end":{"line":412,"column":28}}]},"20":{"type":"branch","line":41,"loc":{"start":{"line":41,"column":2},"end":{"line":53,"column":3}},"locations":[{"start":{"line":41,"column":2},"end":{"line":53,"column":3}}]},"21":{"type":"branch","line":46,"loc":{"start":{"line":46,"column":-2},"end":{"line":47,"column":13}},"locations":[{"start":{"line":46,"column":-2},"end":{"line":47,"column":13}}]},"22":{"type":"branch","line":47,"loc":{"start":{"line":47,"column":6},"end":{"line":50,"column":5}},"locations":[{"start":{"line":47,"column":6},"end":{"line":50,"column":5}}]},"23":{"type":"branch","line":49,"loc":{"start":{"line":49,"column":29},"end":{"line":49,"column":59}},"locations":[{"start":{"line":49,"column":29},"end":{"line":49,"column":59}}]},"24":{"type":"branch","line":55,"loc":{"start":{"line":55,"column":12},"end":{"line":57,"column":3}},"locations":[{"start":{"line":55,"column":12},"end":{"line":57,"column":3}}]},"25":{"type":"branch","line":151,"loc":{"start":{"line":151,"column":57},"end":{"line":168,"column":31}},"locations":[{"start":{"line":151,"column":57},"end":{"line":168,"column":31}}]},"26":{"type":"branch","line":165,"loc":{"start":{"line":165,"column":56},"end":{"line":165,"column":63}},"locations":[{"start":{"line":165,"column":56},"end":{"line":165,"column":63}}]}},"b":{"0":[18],"1":[0],"2":[0],"3":[18],"4":[108],"5":[27],"6":[27],"7":[9],"8":[36],"9":[72],"10":[27],"11":[9],"12":[18],"13":[0],"14":[0],"15":[18],"16":[0],"17":[0],"18":[0],"19":[0],"20":[36],"21":[27],"22":[9],"23":[0],"24":[36],"25":[18],"26":[0]},"fnMap":{"0":{"name":"formatDate","decl":{"start":{"line":10,"column":0},"end":{"line":15,"column":1}},"loc":{"start":{"line":10,"column":0},"end":{"line":15,"column":1}},"line":10},"1":{"name":"formatDateTime","decl":{"start":{"line":17,"column":0},"end":{"line":25,"column":1}},"loc":{"start":{"line":17,"column":0},"end":{"line":25,"column":1}},"line":17},"2":{"name":"normalizeStatus","decl":{"start":{"line":27,"column":0},"end":{"line":29,"column":1}},"loc":{"start":{"line":27,"column":0},"end":{"line":29,"column":1}},"line":27},"3":{"name":"DashboardPage","decl":{"start":{"line":31,"column":0},"end":{"line":423,"column":1}},"loc":{"start":{"line":31,"column":0},"end":{"line":423,"column":1}},"line":31},"4":{"name":"load","decl":{"start":{"line":41,"column":2},"end":{"line":53,"column":3}},"loc":{"start":{"line":41,"column":2},"end":{"line":53,"column":3}},"line":41}},"f":{"0":18,"1":0,"2":18,"3":108,"4":36}}
,"C:\\Users\\unicorn\\UNICORNS ARE HERE\\IT\\Freelance\\aequitas-inventory\\src\\utils\\jestRenderHelper.tsx": {"path":"C:\\Users\\unicorn\\UNICORNS ARE HERE\\IT\\Freelance\\aequitas-inventory\\src\\utils\\jestRenderHelper.tsx","all":false,"statementMap":{"0":{"start":{"line":1,"column":0},"end":{"line":1,"column":48}},"1":{"start":{"line":2,"column":0},"end":{"line":2,"column":48}},"2":{"start":{"line":3,"column":0},"end":{"line":3,"column":0}},"3":{"start":{"line":4,"column":0},"end":{"line":4,"column":52}},"4":{"start":{"line":5,"column":0},"end":{"line":5,"column":44}},"5":{"start":{"line":6,"column":0},"end":{"line":6,"column":0}},"6":{"start":{"line":7,"column":0},"end":{"line":7,"column":32}}},"s":{"0":1,"1":1,"2":1,"3":1,"4":1,"5":1,"6":1},"branchMap":{"0":{"type":"branch","line":4,"loc":{"start":{"line":4,"column":25},"end":{"line":5,"column":43}},"locations":[{"start":{"line":4,"column":25},"end":{"line":5,"column":43}}]}},"b":{"0":[36]},"fnMap":{"0":{"name":"renderWithRouter","decl":{"start":{"line":4,"column":25},"end":{"line":5,"column":43}},"loc":{"start":{"line":4,"column":25},"end":{"line":5,"column":43}},"line":4}},"f":{"0":36}}
}
