TN:
SF:src\pages_v2\DashboardPage\DashboardPage.tsx
FN:10,formatDate
FN:17,formatDateTime
FN:27,normalizeStatus
FN:31,DashboardPage
FN:41,load
FNF:5
FNH:4
FNDA:18,formatDate
FNDA:0,formatDateTime
FNDA:18,normalizeStatus
FNDA:108,DashboardPage
FNDA:36,load
DA:1,1
DA:2,1
DA:3,1
DA:4,1
DA:5,1
DA:6,1
DA:7,1
DA:8,1
DA:9,1
DA:10,18
DA:11,18
DA:12,18
DA:13,18
DA:14,18
DA:15,18
DA:16,1
DA:17,0
DA:18,0
DA:19,0
DA:20,0
DA:21,0
DA:22,0
DA:23,0
DA:24,0
DA:25,0
DA:26,1
DA:27,18
DA:28,18
DA:29,18
DA:30,1
DA:31,108
DA:32,108
DA:33,108
DA:34,108
DA:35,108
DA:36,108
DA:37,108
DA:38,108
DA:39,108
DA:40,108
DA:41,108
DA:42,36
DA:43,36
DA:44,36
DA:45,36
DA:46,27
DA:47,36
DA:48,9
DA:49,9
DA:50,36
DA:51,36
DA:52,36
DA:53,36
DA:54,108
DA:55,108
DA:56,36
DA:57,108
DA:58,108
DA:59,108
DA:60,108
DA:61,108
DA:62,108
DA:63,108
DA:64,108
DA:65,108
DA:66,108
DA:67,108
DA:68,108
DA:69,108
DA:70,108
DA:71,108
DA:72,36
DA:73,36
DA:74,36
DA:75,36
DA:76,108
DA:77,108
DA:78,108
DA:79,27
DA:80,27
DA:81,27
DA:82,27
DA:83,27
DA:84,27
DA:85,27
DA:86,27
DA:87,27
DA:88,27
DA:89,27
DA:90,27
DA:91,27
DA:92,27
DA:93,27
DA:94,27
DA:95,27
DA:96,27
DA:97,27
DA:98,27
DA:99,27
DA:100,27
DA:101,27
DA:102,27
DA:103,27
DA:104,27
DA:105,27
DA:106,27
DA:107,27
DA:108,27
DA:109,27
DA:110,27
DA:111,27
DA:112,27
DA:113,27
DA:114,27
DA:115,27
DA:116,27
DA:117,27
DA:118,27
DA:119,27
DA:120,27
DA:121,27
DA:122,27
DA:123,27
DA:124,27
DA:125,27
DA:126,27
DA:127,27
DA:128,27
DA:129,27
DA:130,27
DA:131,27
DA:132,27
DA:133,27
DA:134,27
DA:135,27
DA:136,27
DA:137,9
DA:138,27
DA:139,18
DA:140,18
DA:141,18
DA:142,18
DA:143,18
DA:144,18
DA:145,18
DA:146,18
DA:147,18
DA:148,18
DA:149,18
DA:150,18
DA:151,18
DA:152,18
DA:153,18
DA:154,18
DA:155,18
DA:156,18
DA:157,18
DA:158,18
DA:159,18
DA:160,18
DA:161,18
DA:162,18
DA:163,18
DA:164,18
DA:165,18
DA:166,18
DA:167,18
DA:168,18
DA:169,18
DA:170,18
DA:171,18
DA:172,18
DA:173,27
DA:174,27
DA:175,27
DA:176,27
DA:177,27
DA:178,27
DA:179,27
DA:180,27
DA:181,27
DA:182,27
DA:183,27
DA:184,27
DA:185,27
DA:186,27
DA:187,27
DA:188,27
DA:189,27
DA:190,27
DA:191,0
DA:192,0
DA:193,0
DA:194,0
DA:195,0
DA:196,0
DA:197,0
DA:198,0
DA:199,0
DA:200,0
DA:201,0
DA:202,0
DA:203,0
DA:204,0
DA:205,0
DA:206,0
DA:207,0
DA:208,0
DA:209,0
DA:210,0
DA:211,0
DA:212,0
DA:213,0
DA:214,0
DA:215,27
DA:216,27
DA:217,27
DA:218,27
DA:219,27
DA:220,27
DA:221,27
DA:222,27
DA:223,27
DA:224,27
DA:225,27
DA:226,27
DA:227,27
DA:228,27
DA:229,27
DA:230,27
DA:231,27
DA:232,0
DA:233,0
DA:234,0
DA:235,0
DA:236,0
DA:237,0
DA:238,0
DA:239,0
DA:240,0
DA:241,0
DA:242,0
DA:243,0
DA:244,0
DA:245,0
DA:246,0
DA:247,0
DA:248,0
DA:249,0
DA:250,0
DA:251,0
DA:252,27
DA:253,27
DA:254,27
DA:255,27
DA:256,27
DA:257,18
DA:258,18
DA:259,18
DA:260,18
DA:261,18
DA:262,18
DA:263,18
DA:264,18
DA:265,18
DA:266,18
DA:267,18
DA:268,18
DA:269,0
DA:270,0
DA:271,0
DA:272,0
DA:273,0
DA:274,0
DA:275,0
DA:276,0
DA:277,0
DA:278,0
DA:279,0
DA:280,0
DA:281,0
DA:282,0
DA:283,0
DA:284,0
DA:285,0
DA:286,0
DA:287,0
DA:288,0
DA:289,0
DA:290,0
DA:291,0
DA:292,0
DA:293,0
DA:294,0
DA:295,18
DA:296,18
DA:297,18
DA:298,18
DA:299,18
DA:300,18
DA:301,18
DA:302,18
DA:303,18
DA:304,18
DA:305,18
DA:306,18
DA:307,18
DA:308,18
DA:309,18
DA:310,18
DA:311,0
DA:312,0
DA:313,0
DA:314,0
DA:315,0
DA:316,0
DA:317,0
DA:318,0
DA:319,0
DA:320,0
DA:321,0
DA:322,0
DA:323,0
DA:324,0
DA:325,0
DA:326,0
DA:327,0
DA:328,0
DA:329,0
DA:330,0
DA:331,0
DA:332,0
DA:333,0
DA:334,0
DA:335,0
DA:336,0
DA:337,18
DA:338,18
DA:339,18
DA:340,18
DA:341,18
DA:342,18
DA:343,18
DA:344,18
DA:345,18
DA:346,18
DA:347,18
DA:348,18
DA:349,18
DA:350,18
DA:351,18
DA:352,18
DA:353,0
DA:354,0
DA:355,0
DA:356,0
DA:357,0
DA:358,0
DA:359,0
DA:360,0
DA:361,0
DA:362,0
DA:363,0
DA:364,0
DA:365,0
DA:366,0
DA:367,0
DA:368,0
DA:369,0
DA:370,0
DA:371,0
DA:372,0
DA:373,0
DA:374,0
DA:375,18
DA:376,18
DA:377,18
DA:378,18
DA:379,18
DA:380,18
DA:381,18
DA:382,18
DA:383,18
DA:384,18
DA:385,18
DA:386,18
DA:387,18
DA:388,18
DA:389,18
DA:390,18
DA:391,0
DA:392,0
DA:393,0
DA:394,0
DA:395,0
DA:396,0
DA:397,0
DA:398,0
DA:399,0
DA:400,0
DA:401,0
DA:402,0
DA:403,0
DA:404,0
DA:405,0
DA:406,0
DA:407,0
DA:408,0
DA:409,0
DA:410,0
DA:411,0
DA:412,0
DA:413,18
DA:414,18
DA:415,18
DA:416,18
DA:417,18
DA:418,27
DA:419,27
DA:420,108
DA:421,108
DA:422,108
DA:423,108
LF:423
LH:274
BRDA:10,0,0,18
BRDA:11,1,0,0
BRDA:13,2,0,0
BRDA:27,3,0,18
BRDA:31,4,0,108
BRDA:35,5,0,27
BRDA:59,6,0,27
BRDA:69,7,0,9
BRDA:71,8,0,36
BRDA:78,9,0,72
BRDA:78,10,0,27
BRDA:136,11,0,9
BRDA:138,12,0,18
BRDA:190,13,0,0
BRDA:231,14,0,0
BRDA:256,15,0,18
BRDA:268,16,0,0
BRDA:310,17,0,0
BRDA:352,18,0,0
BRDA:390,19,0,0
BRDA:41,20,0,36
BRDA:46,21,0,27
BRDA:47,22,0,9
BRDA:49,23,0,0
BRDA:55,24,0,36
BRDA:151,25,0,18
BRDA:165,26,0,0
BRF:27
BRH:17
end_of_record
TN:
SF:src\utils\jestRenderHelper.tsx
FN:4,renderWithRouter
FNF:1
FNH:1
FNDA:36,renderWithRouter
DA:1,1
DA:2,1
DA:3,1
DA:4,1
DA:5,1
DA:6,1
DA:7,1
LF:7
LH:7
BRDA:4,0,0,36
BRF:1
BRH:1
end_of_record
